[debug] [2023-09-06T07:43:43.217Z] ----------------------------------------------------------------------
[debug] [2023-09-06T07:43:43.219Z] Command:       C:\Program Files\nodejs\node.exe C:\Users\Administrator\AppData\Roaming\npm\node_modules\firebase-tools\lib\bin\firebase.js init
[debug] [2023-09-06T07:43:43.219Z] CLI Version:   12.5.2
[debug] [2023-09-06T07:43:43.220Z] Platform:      win32
[debug] [2023-09-06T07:43:43.220Z] Node Version:  v18.16.1
[debug] [2023-09-06T07:43:43.229Z] Time:          Wed Sep 06 2023 14:43:43 GMT+0700 (Krasnoyarsk Standard Time)
[debug] [2023-09-06T07:43:43.229Z] ----------------------------------------------------------------------
[debug] 
[debug] [2023-09-06T07:43:43.231Z] >>> [apiv2][query] GET https://firebase-public.firebaseio.com/cli.json [none]
[debug] [2023-09-06T07:43:43.274Z] > command requires scopes: ["email","openid","https://www.googleapis.com/auth/cloudplatformprojects.readonly","https://www.googleapis.com/auth/firebase","https://www.googleapis.com/auth/cloud-platform"]
[debug] [2023-09-06T07:43:43.274Z] > authorizing via signed-in user (markusrobertoo@gmail.com)
[info] 
     ######## #### ########  ######## ########     ###     ######  ########
     ##        ##  ##     ## ##       ##     ##  ##   ##  ##       ##
     ######    ##  ########  ######   ########  #########  ######  ######
     ##        ##  ##    ##  ##       ##     ## ##     ##       ## ##
     ##       #### ##     ## ######## ########  ##     ##  ######  ########

You're about to initialize a Firebase project in this directory:

  D:\Documents\Github\jibcweb

[debug] [2023-09-06T07:43:43.956Z] <<< [apiv2][status] GET https://firebase-public.firebaseio.com/cli.json 200
[debug] [2023-09-06T07:43:43.956Z] <<< [apiv2][body] GET https://firebase-public.firebaseio.com/cli.json {"cloudBuildErrorAfter":1594252800000,"cloudBuildWarnAfter":1590019200000,"defaultNode10After":1594252800000,"minVersion":"3.0.5","node8DeploysDisabledAfter":1613390400000,"node8RuntimeDisabledAfter":1615809600000,"node8WarnAfter":1600128000000}
